<?xml version="1.0" encoding="UTF-8"?>
<!-- Generated by org.testng.reporters.JUnitReportReporter -->
<testsuite hostname="DESKTOP-BMK3LDR" failures="0" tests="1" name="AutomationWeb.ValidateloginPage" time="23.470" errors="0" timestamp="2025-09-02T19:21:58 IST" skipped="0">
  <testcase classname="AutomationWeb.ValidateloginPage" name="LoginPage" time="23.470"/>
</testsuite> <!-- AutomationWeb.ValidateloginPage -->
