<?xml version="1.0" encoding="UTF-8"?>
<!-- Generated by org.testng.reporters.JUnitReportReporter -->
<testsuite hostname="DESKTOP-BMK3LDR" failures="0" tests="1" name="AutomationWeb.ValidateHomePage" time="31.980" errors="0" timestamp="2025-09-02T19:38:51 IST" skipped="0">
  <testcase classname="AutomationWeb.ValidateHomePage" name="HomePage" time="31.980"/>
</testsuite> <!-- AutomationWeb.ValidateHomePage -->
